<?xml version="1.0"?>
<testsuite name="Chrome Headless 102.0.5005.115 (Windows 10)" package="unit" timestamp="2022-08-23T04:05:38" id="0" hostname="RDB-Laptop" tests="120" errors="0" failures="33" time="2.558">
  <properties>
    <property name="browser.fullName" value="Mozilla/5.0 (Windows NT 10.0; Win64; x64) AppleWebKit/537.36 (KHTML, like Gecko) HeadlessChrome/102.0.5005.115 Safari/537.36"/>
  </properties>
  <testcase name="ViewPatientComponent Book Appointment &amp; Scheduled Appointment should be enabled by default" time="0.29" classname=".ViewPatientComponent">
    <failure type="">Error: Errors during JIT compilation of template for ViewPatientComponent: Unexpected closing tag "button". It may happen when the tag has already been closed by another tag. For more info see https://www.w3.org/TR/html5/syntax.html#closing-elements-that-have-implied-end-tags ("dAppointment (click)="scheduledAppointment()" class="btn btn-warning book-btn"&gt;Scheduled Appointment[ERROR -&gt;]&lt;/button&gt;&#xD;
    &lt;/div&gt;&#xD;
  &lt;/div&gt;&#xD;
"): ng:///ViewPatientComponent/template.html@34:163
Error: Errors during JIT compilation of template for ViewPatientComponent: Unexpected closing tag "button". It may happen when the tag has already been closed by another tag. For more info see https://www.w3.org/TR/html5/syntax.html#closing-elements-that-have-implied-end-tags ("dAppointment (click)="scheduledAppointment()" class="btn btn-warning book-btn"&gt;Scheduled Appointment[ERROR -&gt;]&lt;/button&gt;&#xD;
    &lt;/div&gt;&#xD;
  &lt;/div&gt;&#xD;
"): ng:///ViewPatientComponent/template.html@34:163
    at CompilerFacadeImpl.compileComponent (http://localhost:9876/_karma_webpack_/node_modules/@angular/compiler/fesm2015/compiler.js:18935:1)
    at Function.get (http://localhost:9876/_karma_webpack_/node_modules/@angular/core/__ivy_ngcc__/fesm2015/core.js:39838:1)
    at getComponentDef (http://localhost:9876/_karma_webpack_/node_modules/@angular/core/__ivy_ngcc__/fesm2015/core.js:2170:1)
    at verifyDeclarationsHaveDefinitions (http://localhost:9876/_karma_webpack_/node_modules/@angular/core/__ivy_ngcc__/fesm2015/core.js:39339:1)
    at &lt;Jasmine&gt;
    at verifySemanticsOfNgModuleDef (http://localhost:9876/_karma_webpack_/node_modules/@angular/core/__ivy_ngcc__/fesm2015/core.js:39296:1)
    at Function.get (http://localhost:9876/_karma_webpack_/node_modules/@angular/core/__ivy_ngcc__/fesm2015/core.js:39238:1)
    at R3TestBedCompiler.applyProviderOverridesToModule (http://localhost:9876/_karma_webpack_/node_modules/@angular/core/__ivy_ngcc__/fesm2015/testing.js:1962:44)
    at R3TestBedCompiler.compileTestModule (http://localhost:9876/_karma_webpack_/node_modules/@angular/core/__ivy_ngcc__/fesm2015/testing.js:2323:1)
    at R3TestBedCompiler.finalize (http://localhost:9876/_karma_webpack_/node_modules/@angular/core/__ivy_ngcc__/fesm2015/testing.js:1741:1)
</failure>
    <failure type="">TypeError: Cannot read properties of undefined (reading 'debugElement')
    at &lt;Jasmine&gt;
    at UserContext.&lt;anonymous&gt; (http://localhost:9876/_karma_webpack_/src/app/component/view-patient/view-patient.component.spec.ts:135:20)
    at UserContext.&lt;anonymous&gt; (http://localhost:9876/_karma_webpack_/node_modules/zone.js/dist/zone-testing.js:1749:1)
    at ZoneDelegate.invoke (http://localhost:9876/_karma_webpack_/node_modules/zone.js/dist/zone-evergreen.js:364:1)
    at ProxyZoneSpec.onInvoke (http://localhost:9876/_karma_webpack_/node_modules/zone.js/dist/zone-testing.js:292:1)
    at ZoneDelegate.invoke (http://localhost:9876/_karma_webpack_/node_modules/zone.js/dist/zone-evergreen.js:363:1)
    at Zone.run (http://localhost:9876/_karma_webpack_/node_modules/zone.js/dist/zone-evergreen.js:123:1)
    at runInTestZone (http://localhost:9876/_karma_webpack_/node_modules/zone.js/dist/zone-testing.js:545:1)
    at UserContext.&lt;anonymous&gt; (http://localhost:9876/_karma_webpack_/node_modules/zone.js/dist/zone-testing.js:560:1)
    at &lt;Jasmine&gt;
</failure>
  </testcase>
  <testcase name="ViewPatientComponent &quot;Scheduled Appointment&quot; button should be disabled when clicking on &quot;Book Appointment&quot;" time="0.028" classname=".ViewPatientComponent">
    <failure type="">Error: Errors during JIT compilation of template for ViewPatientComponent: Unexpected closing tag "button". It may happen when the tag has already been closed by another tag. For more info see https://www.w3.org/TR/html5/syntax.html#closing-elements-that-have-implied-end-tags ("dAppointment (click)="scheduledAppointment()" class="btn btn-warning book-btn"&gt;Scheduled Appointment[ERROR -&gt;]&lt;/button&gt;&#xD;
    &lt;/div&gt;&#xD;
  &lt;/div&gt;&#xD;
"): ng:///ViewPatientComponent/template.html@34:163
Error: Errors during JIT compilation of template for ViewPatientComponent: Unexpected closing tag "button". It may happen when the tag has already been closed by another tag. For more info see https://www.w3.org/TR/html5/syntax.html#closing-elements-that-have-implied-end-tags ("dAppointment (click)="scheduledAppointment()" class="btn btn-warning book-btn"&gt;Scheduled Appointment[ERROR -&gt;]&lt;/button&gt;&#xD;
    &lt;/div&gt;&#xD;
  &lt;/div&gt;&#xD;
"): ng:///ViewPatientComponent/template.html@34:163
    at CompilerFacadeImpl.compileComponent (http://localhost:9876/_karma_webpack_/node_modules/@angular/compiler/fesm2015/compiler.js:18935:1)
    at Function.get (http://localhost:9876/_karma_webpack_/node_modules/@angular/core/__ivy_ngcc__/fesm2015/core.js:39838:1)
    at getComponentDef (http://localhost:9876/_karma_webpack_/node_modules/@angular/core/__ivy_ngcc__/fesm2015/core.js:2170:1)
    at verifyDeclarationsHaveDefinitions (http://localhost:9876/_karma_webpack_/node_modules/@angular/core/__ivy_ngcc__/fesm2015/core.js:39339:1)
    at &lt;Jasmine&gt;
    at verifySemanticsOfNgModuleDef (http://localhost:9876/_karma_webpack_/node_modules/@angular/core/__ivy_ngcc__/fesm2015/core.js:39296:1)
    at Function.get (http://localhost:9876/_karma_webpack_/node_modules/@angular/core/__ivy_ngcc__/fesm2015/core.js:39238:1)
    at R3TestBedCompiler.applyProviderOverridesToModule (http://localhost:9876/_karma_webpack_/node_modules/@angular/core/__ivy_ngcc__/fesm2015/testing.js:1962:44)
    at R3TestBedCompiler.compileTestModule (http://localhost:9876/_karma_webpack_/node_modules/@angular/core/__ivy_ngcc__/fesm2015/testing.js:2323:1)
    at R3TestBedCompiler.finalize (http://localhost:9876/_karma_webpack_/node_modules/@angular/core/__ivy_ngcc__/fesm2015/testing.js:1741:1)
</failure>
    <failure type="">TypeError: Cannot read properties of undefined (reading 'whenStable')
    at &lt;Jasmine&gt;
    at UserContext.&lt;anonymous&gt; (http://localhost:9876/_karma_webpack_/src/app/component/view-patient/view-patient.component.spec.ts:142:13)
    at UserContext.&lt;anonymous&gt; (http://localhost:9876/_karma_webpack_/node_modules/zone.js/dist/zone-testing.js:1749:1)
    at ZoneDelegate.invoke (http://localhost:9876/_karma_webpack_/node_modules/zone.js/dist/zone-evergreen.js:364:1)
    at ProxyZoneSpec.onInvoke (http://localhost:9876/_karma_webpack_/node_modules/zone.js/dist/zone-testing.js:292:1)
    at ZoneDelegate.invoke (http://localhost:9876/_karma_webpack_/node_modules/zone.js/dist/zone-evergreen.js:363:1)
    at Zone.run (http://localhost:9876/_karma_webpack_/node_modules/zone.js/dist/zone-evergreen.js:123:1)
    at runInTestZone (http://localhost:9876/_karma_webpack_/node_modules/zone.js/dist/zone-testing.js:545:1)
    at UserContext.&lt;anonymous&gt; (http://localhost:9876/_karma_webpack_/node_modules/zone.js/dist/zone-testing.js:560:1)
    at &lt;Jasmine&gt;
</failure>
  </testcase>
  <testcase name="ViewPatientComponent should call scheduleded method after deleting an appointment" time="0.02" classname=".ViewPatientComponent">
    <failure type="">Error: Errors during JIT compilation of template for ViewPatientComponent: Unexpected closing tag "button". It may happen when the tag has already been closed by another tag. For more info see https://www.w3.org/TR/html5/syntax.html#closing-elements-that-have-implied-end-tags ("dAppointment (click)="scheduledAppointment()" class="btn btn-warning book-btn"&gt;Scheduled Appointment[ERROR -&gt;]&lt;/button&gt;&#xD;
    &lt;/div&gt;&#xD;
  &lt;/div&gt;&#xD;
"): ng:///ViewPatientComponent/template.html@34:163
Error: Errors during JIT compilation of template for ViewPatientComponent: Unexpected closing tag "button". It may happen when the tag has already been closed by another tag. For more info see https://www.w3.org/TR/html5/syntax.html#closing-elements-that-have-implied-end-tags ("dAppointment (click)="scheduledAppointment()" class="btn btn-warning book-btn"&gt;Scheduled Appointment[ERROR -&gt;]&lt;/button&gt;&#xD;
    &lt;/div&gt;&#xD;
  &lt;/div&gt;&#xD;
"): ng:///ViewPatientComponent/template.html@34:163
    at CompilerFacadeImpl.compileComponent (http://localhost:9876/_karma_webpack_/node_modules/@angular/compiler/fesm2015/compiler.js:18935:1)
    at Function.get (http://localhost:9876/_karma_webpack_/node_modules/@angular/core/__ivy_ngcc__/fesm2015/core.js:39838:1)
    at getComponentDef (http://localhost:9876/_karma_webpack_/node_modules/@angular/core/__ivy_ngcc__/fesm2015/core.js:2170:1)
    at verifyDeclarationsHaveDefinitions (http://localhost:9876/_karma_webpack_/node_modules/@angular/core/__ivy_ngcc__/fesm2015/core.js:39339:1)
    at &lt;Jasmine&gt;
    at verifySemanticsOfNgModuleDef (http://localhost:9876/_karma_webpack_/node_modules/@angular/core/__ivy_ngcc__/fesm2015/core.js:39296:1)
    at Function.get (http://localhost:9876/_karma_webpack_/node_modules/@angular/core/__ivy_ngcc__/fesm2015/core.js:39238:1)
    at R3TestBedCompiler.applyProviderOverridesToModule (http://localhost:9876/_karma_webpack_/node_modules/@angular/core/__ivy_ngcc__/fesm2015/testing.js:1962:44)
    at R3TestBedCompiler.compileTestModule (http://localhost:9876/_karma_webpack_/node_modules/@angular/core/__ivy_ngcc__/fesm2015/testing.js:2323:1)
    at R3TestBedCompiler.finalize (http://localhost:9876/_karma_webpack_/node_modules/@angular/core/__ivy_ngcc__/fesm2015/testing.js:1741:1)
</failure>
    <failure type="">Error: &lt;spyOn&gt; : could not find an object to spy upon for cancelAppointment()
Usage: spyOn(&lt;object&gt;, &lt;methodName&gt;)
Error: &lt;spyOn&gt; : could not find an object to spy upon for cancelAppointment()
Usage: spyOn(&lt;object&gt;, &lt;methodName&gt;)
    at &lt;Jasmine&gt;
    at UserContext.&lt;anonymous&gt; (http://localhost:9876/_karma_webpack_/src/app/component/view-patient/view-patient.component.spec.ts:269:5)
    at UserContext.&lt;anonymous&gt; (http://localhost:9876/_karma_webpack_/node_modules/zone.js/dist/zone-testing.js:1749:1)
    at ZoneDelegate.invoke (http://localhost:9876/_karma_webpack_/node_modules/zone.js/dist/zone-evergreen.js:364:1)
    at ProxyZoneSpec.onInvoke (http://localhost:9876/_karma_webpack_/node_modules/zone.js/dist/zone-testing.js:292:1)
    at ZoneDelegate.invoke (http://localhost:9876/_karma_webpack_/node_modules/zone.js/dist/zone-evergreen.js:363:1)
    at Zone.run (http://localhost:9876/_karma_webpack_/node_modules/zone.js/dist/zone-evergreen.js:123:1)
    at runInTestZone (http://localhost:9876/_karma_webpack_/node_modules/zone.js/dist/zone-testing.js:545:1)
</failure>
  </testcase>
  <testcase name="ViewPatientComponent should navigate to requested_appointments page after booking an appointment" time="0.014" classname=".ViewPatientComponent">
    <failure type="">Error: Errors during JIT compilation of template for ViewPatientComponent: Unexpected closing tag "button". It may happen when the tag has already been closed by another tag. For more info see https://www.w3.org/TR/html5/syntax.html#closing-elements-that-have-implied-end-tags ("dAppointment (click)="scheduledAppointment()" class="btn btn-warning book-btn"&gt;Scheduled Appointment[ERROR -&gt;]&lt;/button&gt;&#xD;
    &lt;/div&gt;&#xD;
  &lt;/div&gt;&#xD;
"): ng:///ViewPatientComponent/template.html@34:163
Error: Errors during JIT compilation of template for ViewPatientComponent: Unexpected closing tag "button". It may happen when the tag has already been closed by another tag. For more info see https://www.w3.org/TR/html5/syntax.html#closing-elements-that-have-implied-end-tags ("dAppointment (click)="scheduledAppointment()" class="btn btn-warning book-btn"&gt;Scheduled Appointment[ERROR -&gt;]&lt;/button&gt;&#xD;
    &lt;/div&gt;&#xD;
  &lt;/div&gt;&#xD;
"): ng:///ViewPatientComponent/template.html@34:163
    at CompilerFacadeImpl.compileComponent (http://localhost:9876/_karma_webpack_/node_modules/@angular/compiler/fesm2015/compiler.js:18935:1)
    at Function.get (http://localhost:9876/_karma_webpack_/node_modules/@angular/core/__ivy_ngcc__/fesm2015/core.js:39838:1)
    at getComponentDef (http://localhost:9876/_karma_webpack_/node_modules/@angular/core/__ivy_ngcc__/fesm2015/core.js:2170:1)
    at verifyDeclarationsHaveDefinitions (http://localhost:9876/_karma_webpack_/node_modules/@angular/core/__ivy_ngcc__/fesm2015/core.js:39339:1)
    at &lt;Jasmine&gt;
    at verifySemanticsOfNgModuleDef (http://localhost:9876/_karma_webpack_/node_modules/@angular/core/__ivy_ngcc__/fesm2015/core.js:39296:1)
    at Function.get (http://localhost:9876/_karma_webpack_/node_modules/@angular/core/__ivy_ngcc__/fesm2015/core.js:39238:1)
    at R3TestBedCompiler.applyProviderOverridesToModule (http://localhost:9876/_karma_webpack_/node_modules/@angular/core/__ivy_ngcc__/fesm2015/testing.js:1962:44)
    at R3TestBedCompiler.compileTestModule (http://localhost:9876/_karma_webpack_/node_modules/@angular/core/__ivy_ngcc__/fesm2015/testing.js:2323:1)
    at R3TestBedCompiler.finalize (http://localhost:9876/_karma_webpack_/node_modules/@angular/core/__ivy_ngcc__/fesm2015/testing.js:1741:1)
</failure>
    <failure type="">Error: &lt;spyOn&gt; : could not find an object to spy upon for bookAppointment()
Usage: spyOn(&lt;object&gt;, &lt;methodName&gt;)
Error: &lt;spyOn&gt; : could not find an object to spy upon for bookAppointment()
Usage: spyOn(&lt;object&gt;, &lt;methodName&gt;)
    at &lt;Jasmine&gt;
    at UserContext.&lt;anonymous&gt; (http://localhost:9876/_karma_webpack_/src/app/component/view-patient/view-patient.component.spec.ts:220:5)
    at UserContext.&lt;anonymous&gt; (http://localhost:9876/_karma_webpack_/node_modules/zone.js/dist/zone-testing.js:1749:1)
    at ZoneDelegate.invoke (http://localhost:9876/_karma_webpack_/node_modules/zone.js/dist/zone-evergreen.js:364:1)
    at ProxyZoneSpec.onInvoke (http://localhost:9876/_karma_webpack_/node_modules/zone.js/dist/zone-testing.js:292:1)
    at ZoneDelegate.invoke (http://localhost:9876/_karma_webpack_/node_modules/zone.js/dist/zone-evergreen.js:363:1)
    at Zone.run (http://localhost:9876/_karma_webpack_/node_modules/zone.js/dist/zone-evergreen.js:123:1)
    at runInTestZone (http://localhost:9876/_karma_webpack_/node_modules/zone.js/dist/zone-testing.js:545:1)
</failure>
  </testcase>
  <testcase name="ViewPatientComponent should call cancelAppointment method with selected appointment id" time="0.024" classname=".ViewPatientComponent">
    <failure type="">Error: Errors during JIT compilation of template for ViewPatientComponent: Unexpected closing tag "button". It may happen when the tag has already been closed by another tag. For more info see https://www.w3.org/TR/html5/syntax.html#closing-elements-that-have-implied-end-tags ("dAppointment (click)="scheduledAppointment()" class="btn btn-warning book-btn"&gt;Scheduled Appointment[ERROR -&gt;]&lt;/button&gt;&#xD;
    &lt;/div&gt;&#xD;
  &lt;/div&gt;&#xD;
"): ng:///ViewPatientComponent/template.html@34:163
Error: Errors during JIT compilation of template for ViewPatientComponent: Unexpected closing tag "button". It may happen when the tag has already been closed by another tag. For more info see https://www.w3.org/TR/html5/syntax.html#closing-elements-that-have-implied-end-tags ("dAppointment (click)="scheduledAppointment()" class="btn btn-warning book-btn"&gt;Scheduled Appointment[ERROR -&gt;]&lt;/button&gt;&#xD;
    &lt;/div&gt;&#xD;
  &lt;/div&gt;&#xD;
"): ng:///ViewPatientComponent/template.html@34:163
    at CompilerFacadeImpl.compileComponent (http://localhost:9876/_karma_webpack_/node_modules/@angular/compiler/fesm2015/compiler.js:18935:1)
    at Function.get (http://localhost:9876/_karma_webpack_/node_modules/@angular/core/__ivy_ngcc__/fesm2015/core.js:39838:1)
    at getComponentDef (http://localhost:9876/_karma_webpack_/node_modules/@angular/core/__ivy_ngcc__/fesm2015/core.js:2170:1)
    at verifyDeclarationsHaveDefinitions (http://localhost:9876/_karma_webpack_/node_modules/@angular/core/__ivy_ngcc__/fesm2015/core.js:39339:1)
    at &lt;Jasmine&gt;
    at verifySemanticsOfNgModuleDef (http://localhost:9876/_karma_webpack_/node_modules/@angular/core/__ivy_ngcc__/fesm2015/core.js:39296:1)
    at Function.get (http://localhost:9876/_karma_webpack_/node_modules/@angular/core/__ivy_ngcc__/fesm2015/core.js:39238:1)
    at R3TestBedCompiler.applyProviderOverridesToModule (http://localhost:9876/_karma_webpack_/node_modules/@angular/core/__ivy_ngcc__/fesm2015/testing.js:1962:44)
    at R3TestBedCompiler.compileTestModule (http://localhost:9876/_karma_webpack_/node_modules/@angular/core/__ivy_ngcc__/fesm2015/testing.js:2323:1)
    at R3TestBedCompiler.finalize (http://localhost:9876/_karma_webpack_/node_modules/@angular/core/__ivy_ngcc__/fesm2015/testing.js:1741:1)
</failure>
    <failure type="">Error: &lt;spyOn&gt; : could not find an object to spy upon for cancelAppointment()
Usage: spyOn(&lt;object&gt;, &lt;methodName&gt;)
Error: &lt;spyOn&gt; : could not find an object to spy upon for cancelAppointment()
Usage: spyOn(&lt;object&gt;, &lt;methodName&gt;)
    at &lt;Jasmine&gt;
    at UserContext.&lt;anonymous&gt; (http://localhost:9876/_karma_webpack_/src/app/component/view-patient/view-patient.component.spec.ts:239:5)
    at UserContext.&lt;anonymous&gt; (http://localhost:9876/_karma_webpack_/node_modules/zone.js/dist/zone-testing.js:1749:1)
    at ZoneDelegate.invoke (http://localhost:9876/_karma_webpack_/node_modules/zone.js/dist/zone-evergreen.js:364:1)
    at ProxyZoneSpec.onInvoke (http://localhost:9876/_karma_webpack_/node_modules/zone.js/dist/zone-testing.js:292:1)
    at ZoneDelegate.invoke (http://localhost:9876/_karma_webpack_/node_modules/zone.js/dist/zone-evergreen.js:363:1)
    at Zone.run (http://localhost:9876/_karma_webpack_/node_modules/zone.js/dist/zone-evergreen.js:123:1)
    at runInTestZone (http://localhost:9876/_karma_webpack_/node_modules/zone.js/dist/zone-testing.js:545:1)
</failure>
  </testcase>
  <testcase name="ViewPatientComponent should create" time="0.015" classname=".ViewPatientComponent">
    <failure type="">Error: Errors during JIT compilation of template for ViewPatientComponent: Unexpected closing tag "button". It may happen when the tag has already been closed by another tag. For more info see https://www.w3.org/TR/html5/syntax.html#closing-elements-that-have-implied-end-tags ("dAppointment (click)="scheduledAppointment()" class="btn btn-warning book-btn"&gt;Scheduled Appointment[ERROR -&gt;]&lt;/button&gt;&#xD;
    &lt;/div&gt;&#xD;
  &lt;/div&gt;&#xD;
"): ng:///ViewPatientComponent/template.html@34:163
Error: Errors during JIT compilation of template for ViewPatientComponent: Unexpected closing tag "button". It may happen when the tag has already been closed by another tag. For more info see https://www.w3.org/TR/html5/syntax.html#closing-elements-that-have-implied-end-tags ("dAppointment (click)="scheduledAppointment()" class="btn btn-warning book-btn"&gt;Scheduled Appointment[ERROR -&gt;]&lt;/button&gt;&#xD;
    &lt;/div&gt;&#xD;
  &lt;/div&gt;&#xD;
"): ng:///ViewPatientComponent/template.html@34:163
    at CompilerFacadeImpl.compileComponent (http://localhost:9876/_karma_webpack_/node_modules/@angular/compiler/fesm2015/compiler.js:18935:1)
    at Function.get (http://localhost:9876/_karma_webpack_/node_modules/@angular/core/__ivy_ngcc__/fesm2015/core.js:39838:1)
    at getComponentDef (http://localhost:9876/_karma_webpack_/node_modules/@angular/core/__ivy_ngcc__/fesm2015/core.js:2170:1)
    at verifyDeclarationsHaveDefinitions (http://localhost:9876/_karma_webpack_/node_modules/@angular/core/__ivy_ngcc__/fesm2015/core.js:39339:1)
    at &lt;Jasmine&gt;
    at verifySemanticsOfNgModuleDef (http://localhost:9876/_karma_webpack_/node_modules/@angular/core/__ivy_ngcc__/fesm2015/core.js:39296:1)
    at Function.get (http://localhost:9876/_karma_webpack_/node_modules/@angular/core/__ivy_ngcc__/fesm2015/core.js:39238:1)
    at R3TestBedCompiler.applyProviderOverridesToModule (http://localhost:9876/_karma_webpack_/node_modules/@angular/core/__ivy_ngcc__/fesm2015/testing.js:1962:44)
    at R3TestBedCompiler.compileTestModule (http://localhost:9876/_karma_webpack_/node_modules/@angular/core/__ivy_ngcc__/fesm2015/testing.js:2323:1)
    at R3TestBedCompiler.finalize (http://localhost:9876/_karma_webpack_/node_modules/@angular/core/__ivy_ngcc__/fesm2015/testing.js:1741:1)
</failure>
    <failure type="">Error: Expected undefined to be truthy.
    at &lt;Jasmine&gt;
    at UserContext.&lt;anonymous&gt; (http://localhost:9876/_karma_webpack_/src/app/component/view-patient/view-patient.component.spec.ts:124:23)
    at ZoneDelegate.invoke (http://localhost:9876/_karma_webpack_/node_modules/zone.js/dist/zone-evergreen.js:364:1)
    at ProxyZoneSpec.onInvoke (http://localhost:9876/_karma_webpack_/node_modules/zone.js/dist/zone-testing.js:292:1)
</failure>
  </testcase>
  <testcase name="ViewPatientComponent should call getParticularPatient method of DataService by default" time="0.012" classname=".ViewPatientComponent">
    <failure type="">Error: Errors during JIT compilation of template for ViewPatientComponent: Unexpected closing tag "button". It may happen when the tag has already been closed by another tag. For more info see https://www.w3.org/TR/html5/syntax.html#closing-elements-that-have-implied-end-tags ("dAppointment (click)="scheduledAppointment()" class="btn btn-warning book-btn"&gt;Scheduled Appointment[ERROR -&gt;]&lt;/button&gt;&#xD;
    &lt;/div&gt;&#xD;
  &lt;/div&gt;&#xD;
"): ng:///ViewPatientComponent/template.html@34:163
Error: Errors during JIT compilation of template for ViewPatientComponent: Unexpected closing tag "button". It may happen when the tag has already been closed by another tag. For more info see https://www.w3.org/TR/html5/syntax.html#closing-elements-that-have-implied-end-tags ("dAppointment (click)="scheduledAppointment()" class="btn btn-warning book-btn"&gt;Scheduled Appointment[ERROR -&gt;]&lt;/button&gt;&#xD;
    &lt;/div&gt;&#xD;
  &lt;/div&gt;&#xD;
"): ng:///ViewPatientComponent/template.html@34:163
    at CompilerFacadeImpl.compileComponent (http://localhost:9876/_karma_webpack_/node_modules/@angular/compiler/fesm2015/compiler.js:18935:1)
    at Function.get (http://localhost:9876/_karma_webpack_/node_modules/@angular/core/__ivy_ngcc__/fesm2015/core.js:39838:1)
    at getComponentDef (http://localhost:9876/_karma_webpack_/node_modules/@angular/core/__ivy_ngcc__/fesm2015/core.js:2170:1)
    at verifyDeclarationsHaveDefinitions (http://localhost:9876/_karma_webpack_/node_modules/@angular/core/__ivy_ngcc__/fesm2015/core.js:39339:1)
    at &lt;Jasmine&gt;
    at verifySemanticsOfNgModuleDef (http://localhost:9876/_karma_webpack_/node_modules/@angular/core/__ivy_ngcc__/fesm2015/core.js:39296:1)
    at Function.get (http://localhost:9876/_karma_webpack_/node_modules/@angular/core/__ivy_ngcc__/fesm2015/core.js:39238:1)
    at R3TestBedCompiler.applyProviderOverridesToModule (http://localhost:9876/_karma_webpack_/node_modules/@angular/core/__ivy_ngcc__/fesm2015/testing.js:1962:44)
    at R3TestBedCompiler.compileTestModule (http://localhost:9876/_karma_webpack_/node_modules/@angular/core/__ivy_ngcc__/fesm2015/testing.js:2323:1)
    at R3TestBedCompiler.finalize (http://localhost:9876/_karma_webpack_/node_modules/@angular/core/__ivy_ngcc__/fesm2015/testing.js:1741:1)
</failure>
    <failure type="">Error: &lt;spyOn&gt; : could not find an object to spy upon for getParticularPatient()
Usage: spyOn(&lt;object&gt;, &lt;methodName&gt;)
Error: &lt;spyOn&gt; : could not find an object to spy upon for getParticularPatient()
Usage: spyOn(&lt;object&gt;, &lt;methodName&gt;)
    at &lt;Jasmine&gt;
    at UserContext.&lt;anonymous&gt; (http://localhost:9876/_karma_webpack_/src/app/component/view-patient/view-patient.component.spec.ts:128:7)
    at UserContext.&lt;anonymous&gt; (http://localhost:9876/_karma_webpack_/node_modules/zone.js/dist/zone-testing.js:1749:1)
    at ZoneDelegate.invoke (http://localhost:9876/_karma_webpack_/node_modules/zone.js/dist/zone-evergreen.js:364:1)
    at ProxyZoneSpec.onInvoke (http://localhost:9876/_karma_webpack_/node_modules/zone.js/dist/zone-testing.js:292:1)
    at ZoneDelegate.invoke (http://localhost:9876/_karma_webpack_/node_modules/zone.js/dist/zone-evergreen.js:363:1)
    at Zone.run (http://localhost:9876/_karma_webpack_/node_modules/zone.js/dist/zone-evergreen.js:123:1)
    at runInTestZone (http://localhost:9876/_karma_webpack_/node_modules/zone.js/dist/zone-testing.js:545:1)
</failure>
  </testcase>
  <testcase name="ViewPatientComponent should call deleteAppointment method of DataService with selected appointment id" time="0.011" classname=".ViewPatientComponent">
    <failure type="">Error: Errors during JIT compilation of template for ViewPatientComponent: Unexpected closing tag "button". It may happen when the tag has already been closed by another tag. For more info see https://www.w3.org/TR/html5/syntax.html#closing-elements-that-have-implied-end-tags ("dAppointment (click)="scheduledAppointment()" class="btn btn-warning book-btn"&gt;Scheduled Appointment[ERROR -&gt;]&lt;/button&gt;&#xD;
    &lt;/div&gt;&#xD;
  &lt;/div&gt;&#xD;
"): ng:///ViewPatientComponent/template.html@34:163
Error: Errors during JIT compilation of template for ViewPatientComponent: Unexpected closing tag "button". It may happen when the tag has already been closed by another tag. For more info see https://www.w3.org/TR/html5/syntax.html#closing-elements-that-have-implied-end-tags ("dAppointment (click)="scheduledAppointment()" class="btn btn-warning book-btn"&gt;Scheduled Appointment[ERROR -&gt;]&lt;/button&gt;&#xD;
    &lt;/div&gt;&#xD;
  &lt;/div&gt;&#xD;
"): ng:///ViewPatientComponent/template.html@34:163
    at CompilerFacadeImpl.compileComponent (http://localhost:9876/_karma_webpack_/node_modules/@angular/compiler/fesm2015/compiler.js:18935:1)
    at Function.get (http://localhost:9876/_karma_webpack_/node_modules/@angular/core/__ivy_ngcc__/fesm2015/core.js:39838:1)
    at getComponentDef (http://localhost:9876/_karma_webpack_/node_modules/@angular/core/__ivy_ngcc__/fesm2015/core.js:2170:1)
    at verifyDeclarationsHaveDefinitions (http://localhost:9876/_karma_webpack_/node_modules/@angular/core/__ivy_ngcc__/fesm2015/core.js:39339:1)
    at &lt;Jasmine&gt;
    at verifySemanticsOfNgModuleDef (http://localhost:9876/_karma_webpack_/node_modules/@angular/core/__ivy_ngcc__/fesm2015/core.js:39296:1)
    at Function.get (http://localhost:9876/_karma_webpack_/node_modules/@angular/core/__ivy_ngcc__/fesm2015/core.js:39238:1)
    at R3TestBedCompiler.applyProviderOverridesToModule (http://localhost:9876/_karma_webpack_/node_modules/@angular/core/__ivy_ngcc__/fesm2015/testing.js:1962:44)
    at R3TestBedCompiler.compileTestModule (http://localhost:9876/_karma_webpack_/node_modules/@angular/core/__ivy_ngcc__/fesm2015/testing.js:2323:1)
    at R3TestBedCompiler.finalize (http://localhost:9876/_karma_webpack_/node_modules/@angular/core/__ivy_ngcc__/fesm2015/testing.js:1741:1)
</failure>
    <failure type="">Error: &lt;spyOn&gt; : could not find an object to spy upon for cancelAppointment()
Usage: spyOn(&lt;object&gt;, &lt;methodName&gt;)
Error: &lt;spyOn&gt; : could not find an object to spy upon for cancelAppointment()
Usage: spyOn(&lt;object&gt;, &lt;methodName&gt;)
    at &lt;Jasmine&gt;
    at UserContext.&lt;anonymous&gt; (http://localhost:9876/_karma_webpack_/src/app/component/view-patient/view-patient.component.spec.ts:254:5)
    at UserContext.&lt;anonymous&gt; (http://localhost:9876/_karma_webpack_/node_modules/zone.js/dist/zone-testing.js:1749:1)
    at ZoneDelegate.invoke (http://localhost:9876/_karma_webpack_/node_modules/zone.js/dist/zone-evergreen.js:364:1)
    at ProxyZoneSpec.onInvoke (http://localhost:9876/_karma_webpack_/node_modules/zone.js/dist/zone-testing.js:292:1)
    at ZoneDelegate.invoke (http://localhost:9876/_karma_webpack_/node_modules/zone.js/dist/zone-evergreen.js:363:1)
    at Zone.run (http://localhost:9876/_karma_webpack_/node_modules/zone.js/dist/zone-evergreen.js:123:1)
    at runInTestZone (http://localhost:9876/_karma_webpack_/node_modules/zone.js/dist/zone-testing.js:545:1)
</failure>
  </testcase>
  <testcase name="ViewPatientComponent &quot;Book Appointment&quot; button should be disabled when clicking on &quot;Scheduled Appointment&quot;" time="0.017" classname=".ViewPatientComponent">
    <failure type="">Error: Errors during JIT compilation of template for ViewPatientComponent: Unexpected closing tag "button". It may happen when the tag has already been closed by another tag. For more info see https://www.w3.org/TR/html5/syntax.html#closing-elements-that-have-implied-end-tags ("dAppointment (click)="scheduledAppointment()" class="btn btn-warning book-btn"&gt;Scheduled Appointment[ERROR -&gt;]&lt;/button&gt;&#xD;
    &lt;/div&gt;&#xD;
  &lt;/div&gt;&#xD;
"): ng:///ViewPatientComponent/template.html@34:163
Error: Errors during JIT compilation of template for ViewPatientComponent: Unexpected closing tag "button". It may happen when the tag has already been closed by another tag. For more info see https://www.w3.org/TR/html5/syntax.html#closing-elements-that-have-implied-end-tags ("dAppointment (click)="scheduledAppointment()" class="btn btn-warning book-btn"&gt;Scheduled Appointment[ERROR -&gt;]&lt;/button&gt;&#xD;
    &lt;/div&gt;&#xD;
  &lt;/div&gt;&#xD;
"): ng:///ViewPatientComponent/template.html@34:163
    at CompilerFacadeImpl.compileComponent (http://localhost:9876/_karma_webpack_/node_modules/@angular/compiler/fesm2015/compiler.js:18935:1)
    at Function.get (http://localhost:9876/_karma_webpack_/node_modules/@angular/core/__ivy_ngcc__/fesm2015/core.js:39838:1)
    at getComponentDef (http://localhost:9876/_karma_webpack_/node_modules/@angular/core/__ivy_ngcc__/fesm2015/core.js:2170:1)
    at verifyDeclarationsHaveDefinitions (http://localhost:9876/_karma_webpack_/node_modules/@angular/core/__ivy_ngcc__/fesm2015/core.js:39339:1)
    at &lt;Jasmine&gt;
    at verifySemanticsOfNgModuleDef (http://localhost:9876/_karma_webpack_/node_modules/@angular/core/__ivy_ngcc__/fesm2015/core.js:39296:1)
    at Function.get (http://localhost:9876/_karma_webpack_/node_modules/@angular/core/__ivy_ngcc__/fesm2015/core.js:39238:1)
    at R3TestBedCompiler.applyProviderOverridesToModule (http://localhost:9876/_karma_webpack_/node_modules/@angular/core/__ivy_ngcc__/fesm2015/testing.js:1962:44)
    at R3TestBedCompiler.compileTestModule (http://localhost:9876/_karma_webpack_/node_modules/@angular/core/__ivy_ngcc__/fesm2015/testing.js:2323:1)
    at R3TestBedCompiler.finalize (http://localhost:9876/_karma_webpack_/node_modules/@angular/core/__ivy_ngcc__/fesm2015/testing.js:1741:1)
</failure>
    <failure type="">TypeError: Cannot read properties of undefined (reading 'whenStable')
    at &lt;Jasmine&gt;
    at UserContext.&lt;anonymous&gt; (http://localhost:9876/_karma_webpack_/src/app/component/view-patient/view-patient.component.spec.ts:155:13)
    at UserContext.&lt;anonymous&gt; (http://localhost:9876/_karma_webpack_/node_modules/zone.js/dist/zone-testing.js:1749:1)
    at ZoneDelegate.invoke (http://localhost:9876/_karma_webpack_/node_modules/zone.js/dist/zone-evergreen.js:364:1)
    at ProxyZoneSpec.onInvoke (http://localhost:9876/_karma_webpack_/node_modules/zone.js/dist/zone-testing.js:292:1)
    at ZoneDelegate.invoke (http://localhost:9876/_karma_webpack_/node_modules/zone.js/dist/zone-evergreen.js:363:1)
    at Zone.run (http://localhost:9876/_karma_webpack_/node_modules/zone.js/dist/zone-evergreen.js:123:1)
    at runInTestZone (http://localhost:9876/_karma_webpack_/node_modules/zone.js/dist/zone-testing.js:545:1)
    at UserContext.&lt;anonymous&gt; (http://localhost:9876/_karma_webpack_/node_modules/zone.js/dist/zone-testing.js:560:1)
    at &lt;Jasmine&gt;
</failure>
  </testcase>
  <testcase name="ViewPatientComponent should get sufferList when clicking on &quot;Book Appointment&quot;" time="0.013" classname=".ViewPatientComponent">
    <failure type="">Error: Errors during JIT compilation of template for ViewPatientComponent: Unexpected closing tag "button". It may happen when the tag has already been closed by another tag. For more info see https://www.w3.org/TR/html5/syntax.html#closing-elements-that-have-implied-end-tags ("dAppointment (click)="scheduledAppointment()" class="btn btn-warning book-btn"&gt;Scheduled Appointment[ERROR -&gt;]&lt;/button&gt;&#xD;
    &lt;/div&gt;&#xD;
  &lt;/div&gt;&#xD;
"): ng:///ViewPatientComponent/template.html@34:163
Error: Errors during JIT compilation of template for ViewPatientComponent: Unexpected closing tag "button". It may happen when the tag has already been closed by another tag. For more info see https://www.w3.org/TR/html5/syntax.html#closing-elements-that-have-implied-end-tags ("dAppointment (click)="scheduledAppointment()" class="btn btn-warning book-btn"&gt;Scheduled Appointment[ERROR -&gt;]&lt;/button&gt;&#xD;
    &lt;/div&gt;&#xD;
  &lt;/div&gt;&#xD;
"): ng:///ViewPatientComponent/template.html@34:163
    at CompilerFacadeImpl.compileComponent (http://localhost:9876/_karma_webpack_/node_modules/@angular/compiler/fesm2015/compiler.js:18935:1)
    at Function.get (http://localhost:9876/_karma_webpack_/node_modules/@angular/core/__ivy_ngcc__/fesm2015/core.js:39838:1)
    at getComponentDef (http://localhost:9876/_karma_webpack_/node_modules/@angular/core/__ivy_ngcc__/fesm2015/core.js:2170:1)
    at verifyDeclarationsHaveDefinitions (http://localhost:9876/_karma_webpack_/node_modules/@angular/core/__ivy_ngcc__/fesm2015/core.js:39339:1)
    at &lt;Jasmine&gt;
    at verifySemanticsOfNgModuleDef (http://localhost:9876/_karma_webpack_/node_modules/@angular/core/__ivy_ngcc__/fesm2015/core.js:39296:1)
    at Function.get (http://localhost:9876/_karma_webpack_/node_modules/@angular/core/__ivy_ngcc__/fesm2015/core.js:39238:1)
    at R3TestBedCompiler.applyProviderOverridesToModule (http://localhost:9876/_karma_webpack_/node_modules/@angular/core/__ivy_ngcc__/fesm2015/testing.js:1962:44)
    at R3TestBedCompiler.compileTestModule (http://localhost:9876/_karma_webpack_/node_modules/@angular/core/__ivy_ngcc__/fesm2015/testing.js:2323:1)
    at R3TestBedCompiler.finalize (http://localhost:9876/_karma_webpack_/node_modules/@angular/core/__ivy_ngcc__/fesm2015/testing.js:1741:1)
</failure>
    <failure type="">Error: &lt;spyOn&gt; : could not find an object to spy upon for bookAppointment()
Usage: spyOn(&lt;object&gt;, &lt;methodName&gt;)
Error: &lt;spyOn&gt; : could not find an object to spy upon for bookAppointment()
Usage: spyOn(&lt;object&gt;, &lt;methodName&gt;)
    at &lt;Jasmine&gt;
    at UserContext.&lt;anonymous&gt; (http://localhost:9876/_karma_webpack_/src/app/component/view-patient/view-patient.component.spec.ts:168:5)
    at UserContext.&lt;anonymous&gt; (http://localhost:9876/_karma_webpack_/node_modules/zone.js/dist/zone-testing.js:1749:1)
    at ZoneDelegate.invoke (http://localhost:9876/_karma_webpack_/node_modules/zone.js/dist/zone-evergreen.js:364:1)
    at ProxyZoneSpec.onInvoke (http://localhost:9876/_karma_webpack_/node_modules/zone.js/dist/zone-testing.js:292:1)
    at ZoneDelegate.invoke (http://localhost:9876/_karma_webpack_/node_modules/zone.js/dist/zone-evergreen.js:363:1)
    at Zone.run (http://localhost:9876/_karma_webpack_/node_modules/zone.js/dist/zone-evergreen.js:123:1)
    at runInTestZone (http://localhost:9876/_karma_webpack_/node_modules/zone.js/dist/zone-testing.js:545:1)
</failure>
  </testcase>
  <testcase name="ViewPatientComponent should call scheduleAppointment method for valid form input&quot;" time="0.012" classname=".ViewPatientComponent">
    <failure type="">Error: Errors during JIT compilation of template for ViewPatientComponent: Unexpected closing tag "button". It may happen when the tag has already been closed by another tag. For more info see https://www.w3.org/TR/html5/syntax.html#closing-elements-that-have-implied-end-tags ("dAppointment (click)="scheduledAppointment()" class="btn btn-warning book-btn"&gt;Scheduled Appointment[ERROR -&gt;]&lt;/button&gt;&#xD;
    &lt;/div&gt;&#xD;
  &lt;/div&gt;&#xD;
"): ng:///ViewPatientComponent/template.html@34:163
Error: Errors during JIT compilation of template for ViewPatientComponent: Unexpected closing tag "button". It may happen when the tag has already been closed by another tag. For more info see https://www.w3.org/TR/html5/syntax.html#closing-elements-that-have-implied-end-tags ("dAppointment (click)="scheduledAppointment()" class="btn btn-warning book-btn"&gt;Scheduled Appointment[ERROR -&gt;]&lt;/button&gt;&#xD;
    &lt;/div&gt;&#xD;
  &lt;/div&gt;&#xD;
"): ng:///ViewPatientComponent/template.html@34:163
    at CompilerFacadeImpl.compileComponent (http://localhost:9876/_karma_webpack_/node_modules/@angular/compiler/fesm2015/compiler.js:18935:1)
    at Function.get (http://localhost:9876/_karma_webpack_/node_modules/@angular/core/__ivy_ngcc__/fesm2015/core.js:39838:1)
    at getComponentDef (http://localhost:9876/_karma_webpack_/node_modules/@angular/core/__ivy_ngcc__/fesm2015/core.js:2170:1)
    at verifyDeclarationsHaveDefinitions (http://localhost:9876/_karma_webpack_/node_modules/@angular/core/__ivy_ngcc__/fesm2015/core.js:39339:1)
    at &lt;Jasmine&gt;
    at verifySemanticsOfNgModuleDef (http://localhost:9876/_karma_webpack_/node_modules/@angular/core/__ivy_ngcc__/fesm2015/core.js:39296:1)
    at Function.get (http://localhost:9876/_karma_webpack_/node_modules/@angular/core/__ivy_ngcc__/fesm2015/core.js:39238:1)
    at R3TestBedCompiler.applyProviderOverridesToModule (http://localhost:9876/_karma_webpack_/node_modules/@angular/core/__ivy_ngcc__/fesm2015/testing.js:1962:44)
    at R3TestBedCompiler.compileTestModule (http://localhost:9876/_karma_webpack_/node_modules/@angular/core/__ivy_ngcc__/fesm2015/testing.js:2323:1)
    at R3TestBedCompiler.finalize (http://localhost:9876/_karma_webpack_/node_modules/@angular/core/__ivy_ngcc__/fesm2015/testing.js:1741:1)
</failure>
    <failure type="">Error: &lt;spyOn&gt; : could not find an object to spy upon for bookAppointment()
Usage: spyOn(&lt;object&gt;, &lt;methodName&gt;)
Error: &lt;spyOn&gt; : could not find an object to spy upon for bookAppointment()
Usage: spyOn(&lt;object&gt;, &lt;methodName&gt;)
    at &lt;Jasmine&gt;
    at UserContext.&lt;anonymous&gt; (http://localhost:9876/_karma_webpack_/src/app/component/view-patient/view-patient.component.spec.ts:181:5)
    at UserContext.&lt;anonymous&gt; (http://localhost:9876/_karma_webpack_/node_modules/zone.js/dist/zone-testing.js:1749:1)
    at ZoneDelegate.invoke (http://localhost:9876/_karma_webpack_/node_modules/zone.js/dist/zone-evergreen.js:364:1)
    at ProxyZoneSpec.onInvoke (http://localhost:9876/_karma_webpack_/node_modules/zone.js/dist/zone-testing.js:292:1)
    at ZoneDelegate.invoke (http://localhost:9876/_karma_webpack_/node_modules/zone.js/dist/zone-evergreen.js:363:1)
    at Zone.run (http://localhost:9876/_karma_webpack_/node_modules/zone.js/dist/zone-evergreen.js:123:1)
    at runInTestZone (http://localhost:9876/_karma_webpack_/node_modules/zone.js/dist/zone-testing.js:545:1)
</failure>
  </testcase>
  <testcase name="ViewPatientComponent should call bookAppointment method of DataService with appointment details" time="0.021" classname=".ViewPatientComponent">
    <failure type="">Error: Errors during JIT compilation of template for ViewPatientComponent: Unexpected closing tag "button". It may happen when the tag has already been closed by another tag. For more info see https://www.w3.org/TR/html5/syntax.html#closing-elements-that-have-implied-end-tags ("dAppointment (click)="scheduledAppointment()" class="btn btn-warning book-btn"&gt;Scheduled Appointment[ERROR -&gt;]&lt;/button&gt;&#xD;
    &lt;/div&gt;&#xD;
  &lt;/div&gt;&#xD;
"): ng:///ViewPatientComponent/template.html@34:163
Error: Errors during JIT compilation of template for ViewPatientComponent: Unexpected closing tag "button". It may happen when the tag has already been closed by another tag. For more info see https://www.w3.org/TR/html5/syntax.html#closing-elements-that-have-implied-end-tags ("dAppointment (click)="scheduledAppointment()" class="btn btn-warning book-btn"&gt;Scheduled Appointment[ERROR -&gt;]&lt;/button&gt;&#xD;
    &lt;/div&gt;&#xD;
  &lt;/div&gt;&#xD;
"): ng:///ViewPatientComponent/template.html@34:163
    at CompilerFacadeImpl.compileComponent (http://localhost:9876/_karma_webpack_/node_modules/@angular/compiler/fesm2015/compiler.js:18935:1)
    at Function.get (http://localhost:9876/_karma_webpack_/node_modules/@angular/core/__ivy_ngcc__/fesm2015/core.js:39838:1)
    at getComponentDef (http://localhost:9876/_karma_webpack_/node_modules/@angular/core/__ivy_ngcc__/fesm2015/core.js:2170:1)
    at verifyDeclarationsHaveDefinitions (http://localhost:9876/_karma_webpack_/node_modules/@angular/core/__ivy_ngcc__/fesm2015/core.js:39339:1)
    at &lt;Jasmine&gt;
    at verifySemanticsOfNgModuleDef (http://localhost:9876/_karma_webpack_/node_modules/@angular/core/__ivy_ngcc__/fesm2015/core.js:39296:1)
    at Function.get (http://localhost:9876/_karma_webpack_/node_modules/@angular/core/__ivy_ngcc__/fesm2015/core.js:39238:1)
    at R3TestBedCompiler.applyProviderOverridesToModule (http://localhost:9876/_karma_webpack_/node_modules/@angular/core/__ivy_ngcc__/fesm2015/testing.js:1962:44)
    at R3TestBedCompiler.compileTestModule (http://localhost:9876/_karma_webpack_/node_modules/@angular/core/__ivy_ngcc__/fesm2015/testing.js:2323:1)
    at R3TestBedCompiler.finalize (http://localhost:9876/_karma_webpack_/node_modules/@angular/core/__ivy_ngcc__/fesm2015/testing.js:1741:1)
</failure>
    <failure type="">Error: &lt;spyOn&gt; : could not find an object to spy upon for bookAppointment()
Usage: spyOn(&lt;object&gt;, &lt;methodName&gt;)
Error: &lt;spyOn&gt; : could not find an object to spy upon for bookAppointment()
Usage: spyOn(&lt;object&gt;, &lt;methodName&gt;)
    at &lt;Jasmine&gt;
    at UserContext.&lt;anonymous&gt; (http://localhost:9876/_karma_webpack_/src/app/component/view-patient/view-patient.component.spec.ts:201:5)
    at UserContext.&lt;anonymous&gt; (http://localhost:9876/_karma_webpack_/node_modules/zone.js/dist/zone-testing.js:1749:1)
    at ZoneDelegate.invoke (http://localhost:9876/_karma_webpack_/node_modules/zone.js/dist/zone-evergreen.js:364:1)
    at ProxyZoneSpec.onInvoke (http://localhost:9876/_karma_webpack_/node_modules/zone.js/dist/zone-testing.js:292:1)
    at ZoneDelegate.invoke (http://localhost:9876/_karma_webpack_/node_modules/zone.js/dist/zone-evergreen.js:363:1)
    at Zone.run (http://localhost:9876/_karma_webpack_/node_modules/zone.js/dist/zone-evergreen.js:123:1)
    at runInTestZone (http://localhost:9876/_karma_webpack_/node_modules/zone.js/dist/zone-testing.js:545:1)
</failure>
  </testcase>
  <testcase name="DataService #getDiseasesList should return list on providing valid user id" time="0.049" classname=".DataService">
    <failure type="">Error: Expected TypeError: this.handler.handle is not a function to be undefined.
    at &lt;Jasmine&gt;
    at SafeSubscriber._error (http://localhost:9876/_karma_webpack_/src/app/services/data.service.spec.ts:364:23)
    at SafeSubscriber.__tryOrUnsub (http://localhost:9876/_karma_webpack_/node_modules/rxjs/_esm2015/internal/Subscriber.js:183:1)
    at SafeSubscriber.error (http://localhost:9876/_karma_webpack_/node_modules/rxjs/_esm2015/internal/Subscriber.js:135:1)
</failure>
  </testcase>
  <testcase name="DataService #getAllPatientsList should return user details on providing valid user id" time="0.019" classname=".DataService">
    <failure type="">Error: Expected TypeError: this.handler.handle is not a function to be undefined.
    at &lt;Jasmine&gt;
    at SafeSubscriber._error (http://localhost:9876/_karma_webpack_/src/app/services/data.service.spec.ts:302:23)
    at SafeSubscriber.__tryOrUnsub (http://localhost:9876/_karma_webpack_/node_modules/rxjs/_esm2015/internal/Subscriber.js:183:1)
    at SafeSubscriber.error (http://localhost:9876/_karma_webpack_/node_modules/rxjs/_esm2015/internal/Subscriber.js:135:1)
</failure>
  </testcase>
  <testcase name="DataService #requestedAppointments should return error on occurence of error" time="0.005" classname=".DataService"/>
  <testcase name="DataService #bookAppointment should return error on occurence of error" time="0.009" classname=".DataService"/>
  <testcase name="DataService #getAllPatientsList should return error on providing invalid user id" time="0.004" classname=".DataService"/>
  <testcase name="DataService #getAppointments should return appointment details on providing valid user id" time="0.005" classname=".DataService">
    <failure type="">Error: Expected TypeError: this.handler.handle is not a function to be undefined.
    at &lt;Jasmine&gt;
    at SafeSubscriber._error (http://localhost:9876/_karma_webpack_/src/app/services/data.service.spec.ts:417:23)
    at SafeSubscriber.__tryOrUnsub (http://localhost:9876/_karma_webpack_/node_modules/rxjs/_esm2015/internal/Subscriber.js:183:1)
    at SafeSubscriber.error (http://localhost:9876/_karma_webpack_/node_modules/rxjs/_esm2015/internal/Subscriber.js:135:1)
</failure>
  </testcase>
  <testcase name="DataService #getAppointments should return error on occurence of error" time="0.006" classname=".DataService"/>
  <testcase name="DataService #getAllPatientsList should return error on occurence of error" time="0.004" classname=".DataService"/>
  <testcase name="DataService #deleteAppointment should return empty object on providing valid user id" time="0.006" classname=".DataService">
    <failure type="">Error: Expected TypeError: this.handler.handle is not a function to be undefined.
    at &lt;Jasmine&gt;
    at SafeSubscriber._error (http://localhost:9876/_karma_webpack_/src/app/services/data.service.spec.ts:439:23)
    at SafeSubscriber.__tryOrUnsub (http://localhost:9876/_karma_webpack_/node_modules/rxjs/_esm2015/internal/Subscriber.js:183:1)
    at SafeSubscriber.error (http://localhost:9876/_karma_webpack_/node_modules/rxjs/_esm2015/internal/Subscriber.js:135:1)
</failure>
  </testcase>
  <testcase name="DataService #getParticularPatient should return patient details on providing valid user id" time="0.008" classname=".DataService">
    <failure type="">Error: Expected TypeError: this.handler.handle is not a function to be undefined.
    at &lt;Jasmine&gt;
    at SafeSubscriber._error (http://localhost:9876/_karma_webpack_/src/app/services/data.service.spec.ts:333:23)
    at SafeSubscriber.__tryOrUnsub (http://localhost:9876/_karma_webpack_/node_modules/rxjs/_esm2015/internal/Subscriber.js:183:1)
    at SafeSubscriber.error (http://localhost:9876/_karma_webpack_/node_modules/rxjs/_esm2015/internal/Subscriber.js:135:1)
</failure>
  </testcase>
  <testcase name="DataService  should return -1 userId from local storage if exists but isLogin is false" time="0.006" classname=".DataService">
    <failure type="">Error: Expected undefined to be -1.
    at &lt;Jasmine&gt;
    at UserContext.&lt;anonymous&gt; (http://localhost:9876/_karma_webpack_/src/app/services/data.service.spec.ts:160:37)
    at UserContext.&lt;anonymous&gt; (http://localhost:9876/_karma_webpack_/node_modules/zone.js/dist/zone-testing.js:1749:1)
    at ZoneDelegate.invoke (http://localhost:9876/_karma_webpack_/node_modules/zone.js/dist/zone-evergreen.js:364:1)
</failure>
  </testcase>
  <testcase name="DataService #getDiseasesList should return error on providing invalid user id" time="0.003" classname=".DataService"/>
  <testcase name="DataService #registerPatient should return patientDetails  on reporting with valid user id " time="0.005" classname=".DataService">
    <failure type="">Error: Expected TypeError: this.handler.handle is not a function to be undefined.
    at &lt;Jasmine&gt;
    at SafeSubscriber._error (http://localhost:9876/_karma_webpack_/src/app/services/data.service.spec.ts:271:23)
    at SafeSubscriber.__tryOrUnsub (http://localhost:9876/_karma_webpack_/node_modules/rxjs/_esm2015/internal/Subscriber.js:183:1)
    at SafeSubscriber.error (http://localhost:9876/_karma_webpack_/node_modules/rxjs/_esm2015/internal/Subscriber.js:135:1)
</failure>
  </testcase>
  <testcase name="DataService #bookAppointment should return appointmentDetails  on reporting with valid user id " time="0.005" classname=".DataService">
    <failure type="">Error: Expected TypeError: this.handler.handle is not a function to be undefined.
    at &lt;Jasmine&gt;
    at SafeSubscriber._error (http://localhost:9876/_karma_webpack_/src/app/services/data.service.spec.ts:395:23)
    at SafeSubscriber.__tryOrUnsub (http://localhost:9876/_karma_webpack_/node_modules/rxjs/_esm2015/internal/Subscriber.js:183:1)
    at SafeSubscriber.error (http://localhost:9876/_karma_webpack_/node_modules/rxjs/_esm2015/internal/Subscriber.js:135:1)
</failure>
  </testcase>
  <testcase name="DataService #registerPatient should return error on occurence of error" time="0.005" classname=".DataService"/>
  <testcase name="DataService #registerPatient should return null on reporting with invalid id " time="0.004" classname=".DataService"/>
  <testcase name="DataService #updateProfile should return error on occurence of error" time="0.006" classname=".DataService"/>
  <testcase name="DataService #updateProfile should return true on providing valid user details" time="0.009" classname=".DataService">
    <failure type="">Error: Expected TypeError: this.handler.handle is not a function to be undefined.
    at &lt;Jasmine&gt;
    at SafeSubscriber._error (http://localhost:9876/_karma_webpack_/src/app/services/data.service.spec.ts:249:23)
    at SafeSubscriber.__tryOrUnsub (http://localhost:9876/_karma_webpack_/node_modules/rxjs/_esm2015/internal/Subscriber.js:183:1)
    at SafeSubscriber.error (http://localhost:9876/_karma_webpack_/node_modules/rxjs/_esm2015/internal/Subscriber.js:135:1)
</failure>
  </testcase>
  <testcase name="DataService #getDiseasesList should return error on occurence of error" time="0.004" classname=".DataService"/>
  <testcase name="DataService #getUserDetails should return error on occurence of error" time="0.005" classname=".DataService"/>
  <testcase name="DataService #getUserDetails should return error on providing invalid user id" time="0.007" classname=".DataService"/>
  <testcase name="DataService #getParticularPatient should return error on occurence of error" time="0.003" classname=".DataService"/>
  <testcase name="DataService #getUserDetails should return user details on providing valid user id" time="0.004" classname=".DataService">
    <failure type="">Error: Expected TypeError: this.handler.handle is not a function to be undefined.
    at &lt;Jasmine&gt;
    at SafeSubscriber._error (http://localhost:9876/_karma_webpack_/src/app/services/data.service.spec.ts:218:23)
    at SafeSubscriber.__tryOrUnsub (http://localhost:9876/_karma_webpack_/node_modules/rxjs/_esm2015/internal/Subscriber.js:183:1)
    at SafeSubscriber.error (http://localhost:9876/_karma_webpack_/node_modules/rxjs/_esm2015/internal/Subscriber.js:135:1)
</failure>
  </testcase>
  <testcase name="DataService  should return -1 if user is no logged in or userid in localstorage is invalid" time="0.005" classname=".DataService">
    <failure type="">Error: Expected undefined to be -1.
    at &lt;Jasmine&gt;
    at UserContext.&lt;anonymous&gt; (http://localhost:9876/_karma_webpack_/src/app/services/data.service.spec.ts:181:37)
    at UserContext.&lt;anonymous&gt; (http://localhost:9876/_karma_webpack_/node_modules/zone.js/dist/zone-testing.js:1749:1)
    at ZoneDelegate.invoke (http://localhost:9876/_karma_webpack_/node_modules/zone.js/dist/zone-evergreen.js:364:1)
</failure>
  </testcase>
  <testcase name="DataService #deleteAppointment should return error on occurence of error" time="0.006" classname=".DataService"/>
  <testcase name="DataService  should return 1 from local storage if exists and isLogin is true" time="0.007" classname=".DataService">
    <failure type="">Error: Expected undefined to be 1.
    at &lt;Jasmine&gt;
    at UserContext.&lt;anonymous&gt; (http://localhost:9876/_karma_webpack_/src/app/services/data.service.spec.ts:146:37)
    at UserContext.&lt;anonymous&gt; (http://localhost:9876/_karma_webpack_/node_modules/zone.js/dist/zone-testing.js:1749:1)
    at ZoneDelegate.invoke (http://localhost:9876/_karma_webpack_/node_modules/zone.js/dist/zone-evergreen.js:364:1)
</failure>
  </testcase>
  <testcase name="DataService  should return -1 if user is no logged in or userid not exists in localstorage" time="0.011" classname=".DataService">
    <failure type="">Error: Expected undefined to be -1.
    at &lt;Jasmine&gt;
    at UserContext.&lt;anonymous&gt; (http://localhost:9876/_karma_webpack_/src/app/services/data.service.spec.ts:165:37)
    at UserContext.&lt;anonymous&gt; (http://localhost:9876/_karma_webpack_/node_modules/zone.js/dist/zone-testing.js:1749:1)
    at ZoneDelegate.invoke (http://localhost:9876/_karma_webpack_/node_modules/zone.js/dist/zone-evergreen.js:364:1)
</failure>
    <failure type="">Error: Expected undefined to be -1.
    at &lt;Jasmine&gt;
    at UserContext.&lt;anonymous&gt; (http://localhost:9876/_karma_webpack_/src/app/services/data.service.spec.ts:167:37)
    at UserContext.&lt;anonymous&gt; (http://localhost:9876/_karma_webpack_/node_modules/zone.js/dist/zone-testing.js:1749:1)
    at ZoneDelegate.invoke (http://localhost:9876/_karma_webpack_/node_modules/zone.js/dist/zone-evergreen.js:364:1)
</failure>
  </testcase>
  <testcase name="DataService #requestedAppointments should return appointments on providing valid user id" time="0.006" classname=".DataService">
    <failure type="">Error: Expected TypeError: this.handler.handle is not a function to be undefined.
    at &lt;Jasmine&gt;
    at SafeSubscriber._error (http://localhost:9876/_karma_webpack_/src/app/services/data.service.spec.ts:461:23)
    at SafeSubscriber.__tryOrUnsub (http://localhost:9876/_karma_webpack_/node_modules/rxjs/_esm2015/internal/Subscriber.js:183:1)
    at SafeSubscriber.error (http://localhost:9876/_karma_webpack_/node_modules/rxjs/_esm2015/internal/Subscriber.js:135:1)
</failure>
  </testcase>
  <testcase name="DataService #getParticularPatient should return error on providing invalid user id" time="0.003" classname=".DataService"/>
  <testcase name="DataService #dologin should return isLogin as false on click logout" time="0.007" classname=".DataService">
    <failure type="">TypeError: this.handler.handle is not a function
    at &lt;Jasmine&gt;
    at MergeMapSubscriber.project (http://localhost:9876/_karma_webpack_/node_modules/@angular/common/__ivy_ngcc__/fesm2015/http.js:1682:1)
    at MergeMapSubscriber._tryNext (http://localhost:9876/_karma_webpack_/node_modules/rxjs/_esm2015/internal/operators/mergeMap.js:46:1)
    at MergeMapSubscriber._next (http://localhost:9876/_karma_webpack_/node_modules/rxjs/_esm2015/internal/operators/mergeMap.js:36:1)
    at MergeMapSubscriber.next (http://localhost:9876/_karma_webpack_/node_modules/rxjs/_esm2015/internal/Subscriber.js:49:1)
    at Observable._subscribe (http://localhost:9876/_karma_webpack_/node_modules/rxjs/_esm2015/internal/util/subscribeToArray.js:3:1)
    at Observable._trySubscribe (http://localhost:9876/_karma_webpack_/node_modules/rxjs/_esm2015/internal/Observable.js:42:1)
    at Observable.subscribe (http://localhost:9876/_karma_webpack_/node_modules/rxjs/_esm2015/internal/Observable.js:28:1)
    at MergeMapOperator.call (http://localhost:9876/_karma_webpack_/node_modules/rxjs/_esm2015/internal/operators/mergeMap.js:21:1)
    at Observable.subscribe (http://localhost:9876/_karma_webpack_/node_modules/rxjs/_esm2015/internal/Observable.js:23:1)
    at FilterOperator.call (http://localhost:9876/_karma_webpack_/node_modules/rxjs/_esm2015/internal/operators/filter.js:13:1)
</failure>
  </testcase>
  <testcase name="DataService  should return -1 userId from local storage if exists but isLogin is false" time="0.005" classname=".DataService">
    <failure type="">Error: Expected undefined to be -1.
    at &lt;Jasmine&gt;
    at UserContext.&lt;anonymous&gt; (http://localhost:9876/_karma_webpack_/src/app/services/data.service.spec.ts:153:37)
    at UserContext.&lt;anonymous&gt; (http://localhost:9876/_karma_webpack_/node_modules/zone.js/dist/zone-testing.js:1749:1)
    at ZoneDelegate.invoke (http://localhost:9876/_karma_webpack_/node_modules/zone.js/dist/zone-evergreen.js:364:1)
</failure>
  </testcase>
  <testcase name="DataService  should return true on logging in with right credentials" time="0.005" classname=".DataService">
    <failure type="">Error: 1 timer(s) still in the queue.
    at UserContext.&lt;anonymous&gt; (http://localhost:9876/_karma_webpack_/node_modules/zone.js/dist/zone-testing.js:1760:1)
    at ZoneDelegate.invoke (http://localhost:9876/_karma_webpack_/node_modules/zone.js/dist/zone-evergreen.js:364:1)
    at ProxyZoneSpec.onInvoke (http://localhost:9876/_karma_webpack_/node_modules/zone.js/dist/zone-testing.js:292:1)
    at ZoneDelegate.invoke (http://localhost:9876/_karma_webpack_/node_modules/zone.js/dist/zone-evergreen.js:363:1)
    at Zone.run (http://localhost:9876/_karma_webpack_/node_modules/zone.js/dist/zone-evergreen.js:123:1)
    at runInTestZone (http://localhost:9876/_karma_webpack_/node_modules/zone.js/dist/zone-testing.js:545:1)
    at UserContext.&lt;anonymous&gt; (http://localhost:9876/_karma_webpack_/node_modules/zone.js/dist/zone-testing.js:560:1)
    at &lt;Jasmine&gt;
</failure>
  </testcase>
  <testcase name="DataService  should return false after creation" time="0.003" classname=".DataService"/>
  <testcase name="DataService  should return -1 if user is no logged in or userid in localstorage is invalid" time="0.004" classname=".DataService">
    <failure type="">Error: Expected undefined to be -1.
    at &lt;Jasmine&gt;
    at UserContext.&lt;anonymous&gt; (http://localhost:9876/_karma_webpack_/src/app/services/data.service.spec.ts:174:37)
    at UserContext.&lt;anonymous&gt; (http://localhost:9876/_karma_webpack_/node_modules/zone.js/dist/zone-testing.js:1749:1)
    at ZoneDelegate.invoke (http://localhost:9876/_karma_webpack_/node_modules/zone.js/dist/zone-evergreen.js:364:1)
</failure>
  </testcase>
  <testcase name="ApiService registerPatient should return patient details if POST method success" time="0.011" classname=".ApiService"/>
  <testcase name="ApiService deleteAppointment returns empty response" time="0.009" classname=".ApiService">
    <failure type="">Error: Expected true to equal Object({  }).
    at &lt;Jasmine&gt;
    at SafeSubscriber._next (http://localhost:9876/_karma_webpack_/src/app/services/api.service.spec.ts:309:24)
    at SafeSubscriber.__tryOrUnsub (http://localhost:9876/_karma_webpack_/node_modules/rxjs/_esm2015/internal/Subscriber.js:183:1)
    at SafeSubscriber.next (http://localhost:9876/_karma_webpack_/node_modules/rxjs/_esm2015/internal/Subscriber.js:122:1)
</failure>
  </testcase>
  <testcase name="ApiService getUserDetails should return user details" time="0.007" classname=".ApiService"/>
  <testcase name="ApiService getAllPatientsList should return all patient details" time="0.005" classname=".ApiService"/>
  <testcase name="ApiService bookAppointment should return patient details if POST method success" time="0.006" classname=".ApiService"/>
  <testcase name="ApiService registerPatient should add patient details in post request body" time="0.006" classname=".ApiService"/>
  <testcase name="ApiService requestedAppointments should return all appointments requested by all patients" time="0.008" classname=".ApiService"/>
  <testcase name="ApiService login should return error message if auth fails" time="0.006" classname=".ApiService"/>
  <testcase name="ApiService getDiseasesList should return suffer list" time="0.005" classname=".ApiService"/>
  <testcase name="ApiService should be created" time="0.007" classname=".ApiService"/>
  <testcase name="ApiService getAppointments should return requested appointments of particular patient" time="0.023" classname=".ApiService"/>
  <testcase name="ApiService updateDetails should return new user details after submitting the update" time="0.008" classname=".ApiService"/>
  <testcase name="ApiService login should return user Id if auth success" time="0.005" classname=".ApiService"/>
  <testcase name="ApiService bookAppointment should add appointment details in post request body" time="0.005" classname=".ApiService"/>
  <testcase name="ApiService login should send user credentials in post request body" time="0.005" classname=".ApiService"/>
  <testcase name="ApiService getParticularPatient should return particular patient details" time="0.005" classname=".ApiService"/>
  <testcase name="LoginComponent should redirect to dashboard on correct credentials" time="0.167" classname=".LoginComponent"/>
  <testcase name="LoginComponent should hide validation messages and call login method from authservice for valid credentials" time="0.033" classname=".LoginComponent"/>
  <testcase name="LoginComponent should display maxlength username validation error when the username length greater than 20" time="0.055" classname=".LoginComponent"/>
  <testcase name="LoginComponent should display minlength 3 username validation error when the username length less than 3" time="0.025" classname=".LoginComponent"/>
  <testcase name="LoginComponent should enable login button(form valid) when both field are valid" time="0.021" classname=".LoginComponent"/>
  <testcase name="LoginComponent should display no username validation error when the field kept as null(dirty)" time="0.026" classname=".LoginComponent"/>
  <testcase name="LoginComponent should not display password error when the password field is valid" time="0.018" classname=".LoginComponent"/>
  <testcase name="LoginComponent All validation errors should be hidden and form should be invalid by default" time="0.017" classname=".LoginComponent"/>
  <testcase name="LoginComponent should display password pattern validation error" time="0.03" classname=".LoginComponent"/>
  <testcase name="LoginComponent #dologin should return false if form is invalid" time="0.019" classname=".LoginComponent"/>
  <testcase name="LoginComponent should display maxlength password validation error when the password length exceeds 20" time="0.025" classname=".LoginComponent"/>
  <testcase name="LoginComponent should display minlength 8 password validation error when the password length less than 8" time="0.019" classname=".LoginComponent"/>
  <testcase name="LoginComponent should display no password validation error when the field kept as null(dirty)" time="0.017" classname=".LoginComponent"/>
  <testcase name="LoginComponent should not display any error when the username field is valid" time="0.014" classname=".LoginComponent"/>
  <testcase name="LoginComponent #authenticateUser should return error on occurence of error" time="0.025" classname=".LoginComponent">
    <failure type="">Error: 1 timer(s) still in the queue.
    at UserContext.&lt;anonymous&gt; (http://localhost:9876/_karma_webpack_/node_modules/zone.js/dist/zone-testing.js:1760:1)
    at ZoneDelegate.invoke (http://localhost:9876/_karma_webpack_/node_modules/zone.js/dist/zone-evergreen.js:364:1)
    at ProxyZoneSpec.onInvoke (http://localhost:9876/_karma_webpack_/node_modules/zone.js/dist/zone-testing.js:292:1)
    at ZoneDelegate.invoke (http://localhost:9876/_karma_webpack_/node_modules/zone.js/dist/zone-evergreen.js:363:1)
    at Zone.run (http://localhost:9876/_karma_webpack_/node_modules/zone.js/dist/zone-evergreen.js:123:1)
    at runInTestZone (http://localhost:9876/_karma_webpack_/node_modules/zone.js/dist/zone-testing.js:545:1)
    at UserContext.&lt;anonymous&gt; (http://localhost:9876/_karma_webpack_/node_modules/zone.js/dist/zone-testing.js:560:1)
    at &lt;Jasmine&gt;
</failure>
  </testcase>
  <testcase name="ProfileComponent should display profile details on load" time="0.066" classname=".ProfileComponent"/>
  <testcase name="ProfileComponent should display edit profile form on edit profile button click" time="0.029" classname=".ProfileComponent"/>
  <testcase name="ProfileComponent should display profile details on clicking discard button" time="0.025" classname=".ProfileComponent"/>
  <testcase name="ProfileComponent should validate the edit profile form" time="0.058" classname=".ProfileComponent"/>
  <testcase name="ProfileComponent should populate form fields with values on edit profile button click" time="0.027" classname=".ProfileComponent"/>
  <testcase name="ProfileComponent should submit profile changes with validation" time="0.03" classname=".ProfileComponent"/>
  <testcase name="ProfileComponent #getProfileDetails should return error on occurence of error" time="0.02" classname=".ProfileComponent">
    <failure type="">Error: 2 timer(s) still in the queue.
    at UserContext.&lt;anonymous&gt; (http://localhost:9876/_karma_webpack_/node_modules/zone.js/dist/zone-testing.js:1760:1)
    at ZoneDelegate.invoke (http://localhost:9876/_karma_webpack_/node_modules/zone.js/dist/zone-evergreen.js:364:1)
    at ProxyZoneSpec.onInvoke (http://localhost:9876/_karma_webpack_/node_modules/zone.js/dist/zone-testing.js:292:1)
    at ZoneDelegate.invoke (http://localhost:9876/_karma_webpack_/node_modules/zone.js/dist/zone-evergreen.js:363:1)
    at Zone.run (http://localhost:9876/_karma_webpack_/node_modules/zone.js/dist/zone-evergreen.js:123:1)
    at runInTestZone (http://localhost:9876/_karma_webpack_/node_modules/zone.js/dist/zone-testing.js:545:1)
    at UserContext.&lt;anonymous&gt; (http://localhost:9876/_karma_webpack_/node_modules/zone.js/dist/zone-testing.js:560:1)
    at &lt;Jasmine&gt;
</failure>
  </testcase>
  <testcase name="AllRequestedAppointmentsComponent should call cancelAppointment method with the id of selected patient" time="0.056" classname=".AllRequestedAppointmentsComponent"/>
  <testcase name="AllRequestedAppointmentsComponent should create" time="0.029" classname=".AllRequestedAppointmentsComponent"/>
  <testcase name="AllRequestedAppointmentsComponent should call requestedAppointments method by default " time="0.027" classname=".AllRequestedAppointmentsComponent"/>
  <testcase name="AllRequestedAppointmentsComponent should call view method with the id of selected patient" time="0.017" classname=".AllRequestedAppointmentsComponent"/>
  <testcase name="AllRequestedAppointmentsComponent should call cancelAppointment method with the id of selected patient" time="0.012" classname=".AllRequestedAppointmentsComponent"/>
  <testcase name="AllRequestedAppointmentsComponent should call view method with the id of selected patient" time="0.015" classname=".AllRequestedAppointmentsComponent"/>
  <testcase name="AllRequestedAppointmentsComponent should fetch all appointments after cancelling an appointment" time="0.018" classname=".AllRequestedAppointmentsComponent"/>
  <testcase name="AllPatientsListComponent should create" time="0.027" classname=".AllPatientsListComponent"/>
  <testcase name="AllPatientsListComponent should call getAllPatientsList method when page loads " time="0.013" classname=".AllPatientsListComponent"/>
  <testcase name="AllPatientsListComponent should call view method with the id of selected patient" time="0.014" classname=".AllPatientsListComponent"/>
  <testcase name="AllPatientsListComponent should call view method with the id of selected patient : case 1" time="0.016" classname=".AllPatientsListComponent"/>
  <testcase name="AllPatientsListComponent should call view method with the id of selected patient : case 2" time="0.02" classname=".AllPatientsListComponent"/>
  <testcase name="HeaderComponent should get logged user details" time="0.034" classname=".HeaderComponent"/>
  <testcase name="HeaderComponent should get profile details by default" time="0.019" classname=".HeaderComponent"/>
  <testcase name="HeaderComponent should get logged user id by default" time="0.015" classname=".HeaderComponent"/>
  <testcase name="HeaderComponent should create" time="0.011" classname=".HeaderComponent"/>
  <testcase name="FormComponent should display firstname maximun length validation error when the field has greater than 20 length" time="0.071" classname=".FormComponent"/>
  <testcase name="FormComponent should display no lastname validation error when the field kept as null(dirty)" time="0.044" classname=".FormComponent"/>
  <testcase name="FormComponent should create" time="0.023" classname=".FormComponent"/>
  <testcase name="FormComponent should display lastname minimum length validation error when the field has less than 3 length" time="0.032" classname=".FormComponent"/>
  <testcase name="FormComponent mobile field validity" time="0.025" classname=".FormComponent"/>
  <testcase name="FormComponent Date of birth validation gets pass when the field has valid value" time="0.026" classname=".FormComponent"/>
  <testcase name="FormComponent should display lastname maximun length validation error when the field has greater than 20 length" time="0.024" classname=".FormComponent"/>
  <testcase name="FormComponent should display mobile number pattern validation error when the field has value" time="0.023" classname=".FormComponent"/>
  <testcase name="FormComponent should display firstname minimum length validation error when the field has less than 3 length" time="0.026" classname=".FormComponent"/>
  <testcase name="FormComponent should display no mobile number validation error when the field has kept as null(dirty)" time="0.022" classname=".FormComponent"/>
  <testcase name="FormComponent All validation errors should be hidden and form should be invalid by default" time="0.025" classname=".FormComponent"/>
  <testcase name="FormComponent should call submitform method for valid form" time="0.027" classname=".FormComponent"/>
  <testcase name="FormComponent should display no firstname validation error when the field kept as null(dirty)" time="0.023" classname=".FormComponent"/>
  <testcase name="FormComponent gender field validity" time="0.022" classname=".FormComponent"/>
  <testcase name="FormComponent should display  email pattern validation error when the field has no value" time="0.023" classname=".FormComponent"/>
  <testcase name="FormComponent gender validation gets pass when clicking female radio button" time="0.024" classname=".FormComponent"/>
  <testcase name="FormComponent gender validation gets pass when clicking male radio button" time="0.026" classname=".FormComponent"/>
  <testcase name="FormComponent should display no email validation error when the field has kept as null(dirty)" time="0.07" classname=".FormComponent"/>
  <testcase name="FormComponent should display no date of birth validation error when the field kept as null(dirty)" time="0.025" classname=".FormComponent"/>
  <testcase name="FormComponent should display mobile maximun length validation error when the field has greater than 10 length" time="0.027" classname=".FormComponent"/>
  <system-out>
    <![CDATA[Chrome Headless 102.0.5005.115 (Windows 10) ERROR
  DisconnectedClient disconnected from CONNECTED state (transport close)
,Chrome Headless 102.0.5005.115 (Windows 10) ERROR: 'An error occurred'
,Chrome Headless 102.0.5005.115 (Windows 10) WARN: 'Navigation triggered outside Angular zone, did you forget to call 'ngZone.run()'?'

]]>
  </system-out>
  <system-err/>
</testsuite>